<?xml version="1.0" encoding="UTF-8"?>
<testng-results skipped="0" failed="0" ignored="0" total="1" passed="1">
  <reporter-output>
  </reporter-output>
  <suite name="Suite" duration-ms="4870" started-at="2018-09-12T07:09:38Z" finished-at="2018-09-12T07:09:42Z">
    <groups>
      <group name="cucumber">
        <method signature="AbstractTestNGCucumberTests.feature(cucumber.api.testng.CucumberFeatureWrapper)[pri:0, instance:start.Runner@2f686d1f]" name="feature" class="cucumber.api.testng.AbstractTestNGCucumberTests"/>
      </group> <!-- cucumber -->
    </groups>
    <test name="Test" duration-ms="4870" started-at="2018-09-12T07:09:38Z" finished-at="2018-09-12T07:09:42Z">
      <class name="start.Runner">
        <test-method status="PASS" signature="setUpClass()[pri:0, instance:start.Runner@2f686d1f]" name="setUpClass" is-config="true" duration-ms="609" started-at="2018-09-12T12:39:38Z" finished-at="2018-09-12T12:39:38Z">
          <reporter-output>
          </reporter-output>
        </test-method> <!-- setUpClass -->
        <test-method status="PASS" signature="feature(cucumber.api.testng.CucumberFeatureWrapper)[pri:0, instance:start.Runner@2f686d1f]" name="feature" duration-ms="3766" started-at="2018-09-12T12:39:38Z" description="Runs Cucumber Feature" data-provider="features" finished-at="2018-09-12T12:39:42Z">
          <params>
            <param index="0">
              <value>
                <![CDATA[SOAP UI Testing]]>
              </value>
            </param>
          </params>
          <reporter-output>
          </reporter-output>
        </test-method> <!-- feature -->
        <test-method status="PASS" signature="tearDownClass()[pri:0, instance:start.Runner@2f686d1f]" name="tearDownClass" is-config="true" duration-ms="228" started-at="2018-09-12T12:39:42Z" finished-at="2018-09-12T12:39:42Z">
          <reporter-output>
          </reporter-output>
        </test-method> <!-- tearDownClass -->
      </class> <!-- start.Runner -->
    </test> <!-- Test -->
  </suite> <!-- Suite -->
</testng-results>
